2월 03, 2022 2:36:40 오후 org.apache.catalina.startup.VersionLoggerListener log
정보: 서버 버전 이름:    Apache Tomcat/7.0.109
2월 03, 2022 2:36:40 오후 org.apache.catalina.startup.VersionLoggerListener log
정보: Server 빌드 시각:  Apr 22 2021 18:43:38 UTC
2월 03, 2022 2:36:40 오후 org.apache.catalina.startup.VersionLoggerListener log
정보: Server 버전 번호:  7.0.109.0
2월 03, 2022 2:36:40 오후 org.apache.catalina.startup.VersionLoggerListener log
정보: 운영체제 이름:     Windows 10
2월 03, 2022 2:36:40 오후 org.apache.catalina.startup.VersionLoggerListener log
정보: 운영체제 버전:     10.0
2월 03, 2022 2:36:40 오후 org.apache.catalina.startup.VersionLoggerListener log
정보: 아키텍처:          amd64
2월 03, 2022 2:36:40 오후 org.apache.catalina.startup.VersionLoggerListener log
정보: 자바 홈:           C:\Program Files\Java\jre1.8.0_311
2월 03, 2022 2:36:40 오후 org.apache.catalina.startup.VersionLoggerListener log
정보: JVM 버전:          1.8.0_311-b11
2월 03, 2022 2:36:40 오후 org.apache.catalina.startup.VersionLoggerListener log
정보: JVM 벤더:          Oracle Corporation
2월 03, 2022 2:36:40 오후 org.apache.catalina.startup.VersionLoggerListener log
정보: CATALINA_BASE:     C:\server\Tomcat 7.0
2월 03, 2022 2:36:40 오후 org.apache.catalina.startup.VersionLoggerListener log
정보: CATALINA_HOME:     C:\server\Tomcat 7.0
2월 03, 2022 2:36:40 오후 org.apache.catalina.startup.VersionLoggerListener log
정보: 명령 행 아규먼트:  -Dcatalina.home=C:\server\Tomcat 7.0
2월 03, 2022 2:36:40 오후 org.apache.catalina.startup.VersionLoggerListener log
정보: 명령 행 아규먼트:  -Dcatalina.base=C:\server\Tomcat 7.0
2월 03, 2022 2:36:40 오후 org.apache.catalina.startup.VersionLoggerListener log
정보: 명령 행 아규먼트:  -Djava.io.tmpdir=C:\server\Tomcat 7.0\temp
2월 03, 2022 2:36:40 오후 org.apache.catalina.startup.VersionLoggerListener log
정보: 명령 행 아규먼트:  -Djava.util.logging.manager=org.apache.juli.ClassLoaderLogManager
2월 03, 2022 2:36:40 오후 org.apache.catalina.startup.VersionLoggerListener log
정보: 명령 행 아규먼트:  -Djava.util.logging.config.file=C:\server\Tomcat 7.0\conf\logging.properties
2월 03, 2022 2:36:40 오후 org.apache.catalina.startup.VersionLoggerListener log
정보: 명령 행 아규먼트:  exit
2월 03, 2022 2:36:40 오후 org.apache.catalina.startup.VersionLoggerListener log
정보: 명령 행 아규먼트:  abort
2월 03, 2022 2:36:40 오후 org.apache.catalina.startup.VersionLoggerListener log
정보: 명령 행 아규먼트:  -Xms128m
2월 03, 2022 2:36:40 오후 org.apache.catalina.startup.VersionLoggerListener log
정보: 명령 행 아규먼트:  -Xmx256m
2월 03, 2022 2:36:40 오후 org.apache.catalina.core.AprLifecycleListener lifecycleEvent
정보: 프로덕션 환경들에서 최적의 성능을 제공하는, APR 기반 Apache Tomcat Native 라이브러리가, 다음 java.library.path에서 발견되지 않습니다: [C:\server\Tomcat 7.0\bin;C:\WINDOWS\Sun\Java\bin;C:\WINDOWS\system32;C:\WINDOWS;C:\Program Files\Java\jre1.8.0_311\bin;C:\oraclexe\app\oracle\product\10.2.0\server\bin;C:\Program Files\Java\jdk1.8.0_311\bin;C:\Program Files (x86)\Common Files\Intel\Shared Libraries\redist\intel64\compiler;C:\WINDOWS\system32;C:\WINDOWS;C:\WINDOWS\System32\Wbem;C:\WINDOWS\System32\WindowsPowerShell\v1.0\;C:\WINDOWS\System32\OpenSSH\;C:\Program Files\Git\cmd;C:\WINDOWS\ServiceProfiles\LocalService\AppData\Local\Microsoft\WindowsApps;.]
2월 03, 2022 2:36:41 오후 org.apache.coyote.AbstractProtocol init
정보: 프로토콜 핸들러 ["http-bio-8080"]을(를) 초기화합니다.
2월 03, 2022 2:36:41 오후 org.apache.catalina.startup.Catalina load
정보: Initialization processed in 1506 ms
2월 03, 2022 2:36:41 오후 org.apache.catalina.core.StandardService startInternal
정보: 서비스 [Catalina]을(를) 시작합니다.
2월 03, 2022 2:36:41 오후 org.apache.catalina.core.StandardEngine startInternal
정보: Starting Servlet Engine: Apache Tomcat/7.0.109
2월 03, 2022 2:36:41 오후 org.apache.catalina.startup.HostConfig deployDirectory
정보: 웹 애플리케이션 디렉토리 [C:\server\Tomcat 7.0\webapps\day38]을(를) 배치합니다.
2월 03, 2022 2:36:41 오후 org.apache.catalina.util.SessionIdGeneratorBase createSecureRandom
경고: [SHA1PRNG] 알고리즘을 사용하여, 세션 ID를 생성하기 위한 SecureRandom 객체를 생성하는데, [115] 밀리초가 소요됐습니다.
2월 03, 2022 2:36:41 오후 org.apache.catalina.startup.HostConfig deployDirectory
정보: 웹 애플리케이션 디렉토리 [C:\server\Tomcat 7.0\webapps\day38]에 대한 배치가 [447] 밀리초에 완료되었습니다.
2월 03, 2022 2:36:41 오후 org.apache.catalina.startup.HostConfig deployDirectory
정보: 웹 애플리케이션 디렉토리 [C:\server\Tomcat 7.0\webapps\docs]을(를) 배치합니다.
2월 03, 2022 2:36:41 오후 org.apache.catalina.startup.HostConfig deployDirectory
정보: 웹 애플리케이션 디렉토리 [C:\server\Tomcat 7.0\webapps\docs]에 대한 배치가 [58] 밀리초에 완료되었습니다.
2월 03, 2022 2:36:41 오후 org.apache.catalina.startup.HostConfig deployDirectory
정보: 웹 애플리케이션 디렉토리 [C:\server\Tomcat 7.0\webapps\manager]을(를) 배치합니다.
2월 03, 2022 2:36:42 오후 org.apache.catalina.startup.HostConfig deployDirectory
정보: 웹 애플리케이션 디렉토리 [C:\server\Tomcat 7.0\webapps\manager]에 대한 배치가 [88] 밀리초에 완료되었습니다.
2월 03, 2022 2:36:42 오후 org.apache.catalina.startup.HostConfig deployDirectory
정보: 웹 애플리케이션 디렉토리 [C:\server\Tomcat 7.0\webapps\ROOT]을(를) 배치합니다.
2월 03, 2022 2:36:42 오후 org.apache.catalina.startup.HostConfig deployDirectory
정보: 웹 애플리케이션 디렉토리 [C:\server\Tomcat 7.0\webapps\ROOT]에 대한 배치가 [61] 밀리초에 완료되었습니다.
2월 03, 2022 2:36:42 오후 org.apache.coyote.AbstractProtocol start
정보: 프로토콜 핸들러 ["http-bio-8080"]을(를) 시작합니다.
2월 03, 2022 2:36:42 오후 org.apache.catalina.startup.Catalina start
정보: Server startup in 947 ms
