12월 17, 2021 10:06:19 오전 org.apache.catalina.startup.VersionLoggerListener log
정보: 서버 버전 이름:    Apache Tomcat/7.0.109
12월 17, 2021 10:06:19 오전 org.apache.catalina.startup.VersionLoggerListener log
정보: Server 빌드 시각:  Apr 22 2021 18:43:38 UTC
12월 17, 2021 10:06:19 오전 org.apache.catalina.startup.VersionLoggerListener log
정보: Server 버전 번호:  7.0.109.0
12월 17, 2021 10:06:19 오전 org.apache.catalina.startup.VersionLoggerListener log
정보: 운영체제 이름:     Windows 10
12월 17, 2021 10:06:19 오전 org.apache.catalina.startup.VersionLoggerListener log
정보: 운영체제 버전:     10.0
12월 17, 2021 10:06:19 오전 org.apache.catalina.startup.VersionLoggerListener log
정보: 아키텍처:          amd64
12월 17, 2021 10:06:19 오전 org.apache.catalina.startup.VersionLoggerListener log
정보: 자바 홈:           C:\Program Files\Java\jre1.8.0_311
12월 17, 2021 10:06:19 오전 org.apache.catalina.startup.VersionLoggerListener log
정보: JVM 버전:          1.8.0_311-b11
12월 17, 2021 10:06:19 오전 org.apache.catalina.startup.VersionLoggerListener log
정보: JVM 벤더:          Oracle Corporation
12월 17, 2021 10:06:19 오전 org.apache.catalina.startup.VersionLoggerListener log
정보: CATALINA_BASE:     C:\server\Tomcat 7.0
12월 17, 2021 10:06:19 오전 org.apache.catalina.startup.VersionLoggerListener log
정보: CATALINA_HOME:     C:\server\Tomcat 7.0
12월 17, 2021 10:06:19 오전 org.apache.catalina.startup.VersionLoggerListener log
정보: 명령 행 아규먼트:  -Dcatalina.home=C:\server\Tomcat 7.0
12월 17, 2021 10:06:19 오전 org.apache.catalina.startup.VersionLoggerListener log
정보: 명령 행 아규먼트:  -Dcatalina.base=C:\server\Tomcat 7.0
12월 17, 2021 10:06:19 오전 org.apache.catalina.startup.VersionLoggerListener log
정보: 명령 행 아규먼트:  -Djava.io.tmpdir=C:\server\Tomcat 7.0\temp
12월 17, 2021 10:06:19 오전 org.apache.catalina.startup.VersionLoggerListener log
정보: 명령 행 아규먼트:  -Djava.util.logging.manager=org.apache.juli.ClassLoaderLogManager
12월 17, 2021 10:06:19 오전 org.apache.catalina.startup.VersionLoggerListener log
정보: 명령 행 아규먼트:  -Djava.util.logging.config.file=C:\server\Tomcat 7.0\conf\logging.properties
12월 17, 2021 10:06:19 오전 org.apache.catalina.startup.VersionLoggerListener log
정보: 명령 행 아규먼트:  exit
12월 17, 2021 10:06:19 오전 org.apache.catalina.startup.VersionLoggerListener log
정보: 명령 행 아규먼트:  abort
12월 17, 2021 10:06:19 오전 org.apache.catalina.startup.VersionLoggerListener log
정보: 명령 행 아규먼트:  -Xms128m
12월 17, 2021 10:06:19 오전 org.apache.catalina.startup.VersionLoggerListener log
정보: 명령 행 아규먼트:  -Xmx256m
12월 17, 2021 10:06:19 오전 org.apache.catalina.core.AprLifecycleListener lifecycleEvent
정보: 프로덕션 환경들에서 최적의 성능을 제공하는, APR 기반 Apache Tomcat Native 라이브러리가, 다음 java.library.path에서 발견되지 않습니다: [C:\server\Tomcat 7.0\bin;C:\WINDOWS\Sun\Java\bin;C:\WINDOWS\system32;C:\WINDOWS;C:\Program Files\Java\jre1.8.0_311\bin;C:\Program Files\Java\jdk1.8.0_311\bin;C:\Program Files (x86)\Common Files\Intel\Shared Libraries\redist\intel64\compiler;C:\WINDOWS\system32;C:\WINDOWS;C:\WINDOWS\System32\Wbem;C:\WINDOWS\System32\WindowsPowerShell\v1.0\;C:\WINDOWS\System32\OpenSSH\;C:\WINDOWS\ServiceProfiles\LocalService\AppData\Local\Microsoft\WindowsApps;.]
12월 17, 2021 10:06:20 오전 org.apache.coyote.AbstractProtocol init
정보: 프로토콜 핸들러 ["http-bio-8080"]을(를) 초기화합니다.
12월 17, 2021 10:06:20 오전 org.apache.catalina.startup.Catalina load
정보: Initialization processed in 1639 ms
12월 17, 2021 10:06:20 오전 org.apache.catalina.core.StandardService startInternal
정보: 서비스 [Catalina]을(를) 시작합니다.
12월 17, 2021 10:06:20 오전 org.apache.catalina.core.StandardEngine startInternal
정보: Starting Servlet Engine: Apache Tomcat/7.0.109
12월 17, 2021 10:06:20 오전 org.apache.catalina.startup.HostConfig deployDirectory
정보: 웹 애플리케이션 디렉토리 [C:\server\Tomcat 7.0\webapps\docs]을(를) 배치합니다.
12월 17, 2021 10:06:20 오전 org.apache.catalina.util.SessionIdGeneratorBase createSecureRandom
경고: [SHA1PRNG] 알고리즘을 사용하여, 세션 ID를 생성하기 위한 SecureRandom 객체를 생성하는데, [110] 밀리초가 소요됐습니다.
12월 17, 2021 10:06:20 오전 org.apache.catalina.startup.HostConfig deployDirectory
정보: 웹 애플리케이션 디렉토리 [C:\server\Tomcat 7.0\webapps\docs]에 대한 배치가 [390] 밀리초에 완료되었습니다.
12월 17, 2021 10:06:20 오전 org.apache.catalina.startup.HostConfig deployDirectory
정보: 웹 애플리케이션 디렉토리 [C:\server\Tomcat 7.0\webapps\manager]을(를) 배치합니다.
12월 17, 2021 10:06:20 오전 org.apache.catalina.startup.HostConfig deployDirectory
정보: 웹 애플리케이션 디렉토리 [C:\server\Tomcat 7.0\webapps\manager]에 대한 배치가 [78] 밀리초에 완료되었습니다.
12월 17, 2021 10:06:20 오전 org.apache.catalina.startup.HostConfig deployDirectory
정보: 웹 애플리케이션 디렉토리 [C:\server\Tomcat 7.0\webapps\ROOT]을(를) 배치합니다.
12월 17, 2021 10:06:20 오전 org.apache.catalina.startup.HostConfig deployDirectory
정보: 웹 애플리케이션 디렉토리 [C:\server\Tomcat 7.0\webapps\ROOT]에 대한 배치가 [63] 밀리초에 완료되었습니다.
12월 17, 2021 10:06:20 오전 org.apache.coyote.AbstractProtocol start
정보: 프로토콜 핸들러 ["http-bio-8080"]을(를) 시작합니다.
12월 17, 2021 10:06:20 오전 org.apache.catalina.startup.Catalina start
정보: Server startup in 737 ms
12월 17, 2021 11:02:34 오전 org.apache.catalina.startup.HostConfig reload
정보: 컨텍스트 []을(를) 다시 로드합니다.
12월 17, 2021 11:02:34 오전 org.apache.catalina.core.StandardContext reload
정보: 이름이 []인 컨텍스트를 다시 로드하는 작업이 시작되었습니다.
12월 17, 2021 11:02:34 오전 org.apache.catalina.core.StandardContext reload
정보: 이름이 []인 컨텍스트를 다시 로드하는 것을 완료했습니다.
12월 17, 2021 5:23:55 오후 org.apache.coyote.AbstractProtocol pause
정보: 프로토콜 핸들러 ["http-bio-8080"]을(를) 일시 정지 중
12월 17, 2021 5:23:55 오후 org.apache.catalina.core.StandardService stopInternal
정보: 서비스 [Catalina]을(를) 중지시킵니다.
12월 17, 2021 5:23:55 오후 org.apache.coyote.AbstractProtocol stop
정보: 프로토콜 핸들러 ["http-bio-8080"]을(를) 중지시킵니다.
12월 17, 2021 5:23:55 오후 org.apache.coyote.AbstractProtocol destroy
정보: 프로토콜 핸들러 ["http-bio-8080"]을(를) 소멸시킵니다.
